{"total": {"lines":{"total":398,"covered":368,"skipped":0,"pct":92.46},"statements":{"total":405,"covered":375,"skipped":0,"pct":92.59},"functions":{"total":34,"covered":34,"skipped":0,"pct":100},"branches":{"total":242,"covered":202,"skipped":0,"pct":83.47},"branchesTrue":{"total":0,"covered":0,"skipped":0,"pct":100}}
,"/mnt/ext2/code/prompts/github/forks/prisma-json-types-generator/src/on-manifest.ts": {"lines":{"total":15,"covered":14,"skipped":0,"pct":93.33},"functions":{"total":1,"covered":1,"skipped":0,"pct":100},"statements":{"total":15,"covered":14,"skipped":0,"pct":93.33},"branches":{"total":10,"covered":8,"skipped":0,"pct":80}}
,"/mnt/ext2/code/prompts/github/forks/prisma-json-types-generator/src/handler/model-payload.ts": {"lines":{"total":14,"covered":14,"skipped":0,"pct":100},"functions":{"total":2,"covered":2,"skipped":0,"pct":100},"statements":{"total":15,"covered":15,"skipped":0,"pct":100},"branches":{"total":8,"covered":8,"skipped":0,"pct":100}}
,"/mnt/ext2/code/prompts/github/forks/prisma-json-types-generator/src/handler/module.ts": {"lines":{"total":23,"covered":21,"skipped":0,"pct":91.3},"functions":{"total":4,"covered":4,"skipped":0,"pct":100},"statements":{"total":23,"covered":21,"skipped":0,"pct":91.3},"branches":{"total":10,"covered":9,"skipped":0,"pct":90}}
,"/mnt/ext2/code/prompts/github/forks/prisma-json-types-generator/src/handler/replace-object.ts": {"lines":{"total":23,"covered":23,"skipped":0,"pct":100},"functions":{"total":1,"covered":1,"skipped":0,"pct":100},"statements":{"total":23,"covered":23,"skipped":0,"pct":100},"branches":{"total":14,"covered":14,"skipped":0,"pct":100}}
,"/mnt/ext2/code/prompts/github/forks/prisma-json-types-generator/src/handler/statement.ts": {"lines":{"total":25,"covered":20,"skipped":0,"pct":80},"functions":{"total":1,"covered":1,"skipped":0,"pct":100},"statements":{"total":25,"covered":20,"skipped":0,"pct":80},"branches":{"total":16,"covered":11,"skipped":0,"pct":68.75}}
,"/mnt/ext2/code/prompts/github/forks/prisma-json-types-generator/src/helpers/dmmf.ts": {"lines":{"total":26,"covered":26,"skipped":0,"pct":100},"functions":{"total":5,"covered":5,"skipped":0,"pct":100},"statements":{"total":27,"covered":27,"skipped":0,"pct":100},"branches":{"total":4,"covered":4,"skipped":0,"pct":100}}
,"/mnt/ext2/code/prompts/github/forks/prisma-json-types-generator/src/helpers/find-signature.ts": {"lines":{"total":101,"covered":79,"skipped":0,"pct":78.21},"functions":{"total":1,"covered":1,"skipped":0,"pct":100},"statements":{"total":102,"covered":80,"skipped":0,"pct":78.43},"branches":{"total":103,"covered":71,"skipped":0,"pct":68.93}}
,"/mnt/ext2/code/prompts/github/forks/prisma-json-types-generator/src/helpers/regex.ts": {"lines":{"total":44,"covered":44,"skipped":0,"pct":100},"functions":{"total":5,"covered":5,"skipped":0,"pct":100},"statements":{"total":44,"covered":44,"skipped":0,"pct":100},"branches":{"total":11,"covered":11,"skipped":0,"pct":100}}
,"/mnt/ext2/code/prompts/github/forks/prisma-json-types-generator/src/helpers/type-parser.ts": {"lines":{"total":22,"covered":22,"skipped":0,"pct":100},"functions":{"total":1,"covered":1,"skipped":0,"pct":100},"statements":{"total":23,"covered":23,"skipped":0,"pct":100},"branches":{"total":12,"covered":12,"skipped":0,"pct":100}}
,"/mnt/ext2/code/prompts/github/forks/prisma-json-types-generator/src/util/config.ts": {"lines":{"total":2,"covered":2,"skipped":0,"pct":100},"functions":{"total":1,"covered":1,"skipped":0,"pct":100},"statements":{"total":2,"covered":2,"skipped":0,"pct":100},"branches":{"total":8,"covered":8,"skipped":0,"pct":100}}
,"/mnt/ext2/code/prompts/github/forks/prisma-json-types-generator/src/util/constants.ts": {"lines":{"total":4,"covered":4,"skipped":0,"pct":100},"functions":{"total":0,"covered":0,"skipped":0,"pct":100},"statements":{"total":4,"covered":4,"skipped":0,"pct":100},"branches":{"total":0,"covered":0,"skipped":0,"pct":100}}
,"/mnt/ext2/code/prompts/github/forks/prisma-json-types-generator/src/util/create-signature.ts": {"lines":{"total":16,"covered":16,"skipped":0,"pct":100},"functions":{"total":1,"covered":1,"skipped":0,"pct":100},"statements":{"total":16,"covered":16,"skipped":0,"pct":100},"branches":{"total":10,"covered":10,"skipped":0,"pct":100}}
,"/mnt/ext2/code/prompts/github/forks/prisma-json-types-generator/src/util/declaration-writer.ts": {"lines":{"total":37,"covered":37,"skipped":0,"pct":100},"functions":{"total":6,"covered":6,"skipped":0,"pct":100},"statements":{"total":37,"covered":37,"skipped":0,"pct":100},"branches":{"total":12,"covered":12,"skipped":0,"pct":100}}
,"/mnt/ext2/code/prompts/github/forks/prisma-json-types-generator/src/util/error.ts": {"lines":{"total":3,"covered":3,"skipped":0,"pct":100},"functions":{"total":1,"covered":1,"skipped":0,"pct":100},"statements":{"total":3,"covered":3,"skipped":0,"pct":100},"branches":{"total":0,"covered":0,"skipped":0,"pct":100}}
,"/mnt/ext2/code/prompts/github/forks/prisma-json-types-generator/src/util/source-path.ts": {"lines":{"total":29,"covered":29,"skipped":0,"pct":100},"functions":{"total":2,"covered":2,"skipped":0,"pct":100},"statements":{"total":31,"covered":31,"skipped":0,"pct":100},"branches":{"total":18,"covered":18,"skipped":0,"pct":100}}
,"/mnt/ext2/code/prompts/github/forks/prisma-json-types-generator/src/util/text-changes.ts": {"lines":{"total":14,"covered":14,"skipped":0,"pct":100},"functions":{"total":2,"covered":2,"skipped":0,"pct":100},"statements":{"total":15,"covered":15,"skipped":0,"pct":100},"branches":{"total":6,"covered":6,"skipped":0,"pct":100}}
}
